1642789360487:clear
1642789365583:import-json
1642789643031:exit
1642789721446:import-json
1642789759740:help
1642789785910:create-survey Tendo Tenderson
1642789794290:create-survey Tendo
1642789824526:clear
1642789826721:help
1642790639872:clear
1642790648403:help
1642790711389:import-json
1642790774324:help
1642790787146:create survey
1642791444163:clear
1642791446785:help
1642791453845:patient-list
1642791644966:help
1642793422023:exit
1642794476811:clear
1642794479522:help
1642794488026:import-json
1642794667864:clear
1642794671031:stacktrace
1642795167161:exit
1642795929900:help
1642796142672:import-json
1642797276366:clear
1642797280762:exit
1642797329682:import-json
